<?xml version="1.0" encoding="UTF-8"?>
<!-- Generated by org.testng.reporters.JUnitReportReporter -->
<testsuite name="example.NewTest" tests="1" time="18.866" ignored="0" failures="0" timestamp="15 Sep 2018 10:45:31 GMT" skipped="0" hostname="VishaanthLaptop" errors="0">
  <testcase name="testEasy" time="18.866" classname="example.NewTest"/>
</testsuite> <!-- example.NewTest -->
