<?xml version="1.0" encoding="UTF-8"?>
<!-- Generated by org.testng.reporters.JUnitReportReporter -->
<testsuite name="launchurl.LaunchWebSite" tests="1" time="2.446" ignored="0" failures="0" timestamp="16 Sep 2018 06:08:26 GMT" skipped="0" hostname="VishaanthLaptop" errors="0">
  <testcase name="testEasy" time="2.446" classname="launchurl.LaunchWebSite"/>
</testsuite> <!-- launchurl.LaunchWebSite -->
